# JRE version: Java(TM) SE Runtime Environment (8.0_181-b13) (build 1.8.0_181-b13)
# Java VM: Java HotSpot(TM) 64-Bit Server VM (25.181-b13 mixed mode windows-amd64 compressed oops)
Heap:
 PSYoungGen      total 152576K, used 4277K [0x00000000f5580000, 0x0000000100000000, 0x0000000100000000)
  eden space 131584K, 0% used [0x00000000f5580000,0x00000000f5580000,0x00000000fd600000)
  from space 20992K, 20% used [0x00000000fd600000,0x00000000fda2d628,0x00000000fea80000)
  to   space 21504K, 0% used [0x00000000feb00000,0x00000000feb00000,0x0000000100000000)
 ParOldGen       total 226816K, used 212439K [0x00000000e0000000, 0x00000000edd80000, 0x00000000f5580000)
  object space 226816K, 93% used [0x00000000e0000000,0x00000000ecf75d48,0x00000000edd80000)
 Metaspace       used 25088K, capacity 25380K, committed 25600K, reserved 1071104K
  class space    used 3148K, capacity 3270K, committed 3328K, reserved 1048576K
GC Heap History (10 events):
Event: 113.054 GC heap after
Heap after GC invocations=792 (full 13):
 PSYoungGen      total 152576K, used 5312K [0x00000000f5580000, 0x0000000100000000, 0x0000000100000000)
  eden space 130560K, 0% used [0x00000000f5580000,0x00000000f5580000,0x00000000fd500000)
  from space 22016K, 24% used [0x00000000fd500000,0x00000000fda30000,0x00000000fea80000)
  to   space 22016K, 0% used [0x00000000fea80000,0x00000000fea80000,0x0000000100000000)
 ParOldGen       total 226816K, used 202722K [0x00000000e0000000, 0x00000000edd80000, 0x00000000f5580000)
  object space 226816K, 89% used [0x00000000e0000000,0x00000000ec5f8b60,0x00000000edd80000)
 Metaspace       used 14941K, capacity 15054K, committed 15360K, reserved 1062912K
  class space    used 1898K, capacity 1943K, committed 2048K, reserved 1048576K
}
Event: 113.168 GC heap before
{Heap before GC invocations=793 (full 13):
 PSYoungGen      total 152576K, used 135872K [0x00000000f5580000, 0x0000000100000000, 0x0000000100000000)
  eden space 130560K, 100% used [0x00000000f5580000,0x00000000fd500000,0x00000000fd500000)
  from space 22016K, 24% used [0x00000000fd500000,0x00000000fda30000,0x00000000fea80000)
  to   space 22016K, 0% used [0x00000000fea80000,0x00000000fea80000,0x0000000100000000)
 ParOldGen       total 226816K, used 202722K [0x00000000e0000000, 0x00000000edd80000, 0x00000000f5580000)
  object space 226816K, 89% used [0x00000000e0000000,0x00000000ec5f8b60,0x00000000edd80000)
 Metaspace       used 14941K, capacity 15054K, committed 15360K, reserved 1062912K
  class space    used 1898K, capacity 1943K, committed 2048K, reserved 1048576K
Event: 113.186 GC heap after
Heap after GC invocations=793 (full 13):
 PSYoungGen      total 151552K, used 13376K [0x00000000f5580000, 0x00000000fff00000, 0x0000000100000000)
  eden space 130560K, 0% used [0x00000000f5580000,0x00000000f5580000,0x00000000fd500000)
  from space 20992K, 63% used [0x00000000fea80000,0x00000000ff790000,0x00000000fff00000)
  to   space 21504K, 0% used [0x00000000fd500000,0x00000000fd500000,0x00000000fea00000)
 ParOldGen       total 226816K, used 203002K [0x00000000e0000000, 0x00000000edd80000, 0x00000000f5580000)
  object space 226816K, 89% used [0x00000000e0000000,0x00000000ec63eb60,0x00000000edd80000)
 Metaspace       used 14941K, capacity 15054K, committed 15360K, reserved 1062912K
  class space    used 1898K, capacity 1943K, committed 2048K, reserved 1048576K
}
Event: 113.298 GC heap before
{Heap before GC invocations=794 (full 13):
 PSYoungGen      total 151552K, used 143936K [0x00000000f5580000, 0x00000000fff00000, 0x0000000100000000)
  eden space 130560K, 100% used [0x00000000f5580000,0x00000000fd500000,0x00000000fd500000)
  from space 20992K, 63% used [0x00000000fea80000,0x00000000ff790000,0x00000000fff00000)
  to   space 21504K, 0% used [0x00000000fd500000,0x00000000fd500000,0x00000000fea00000)
 ParOldGen       total 226816K, used 203002K [0x00000000e0000000, 0x00000000edd80000, 0x00000000f5580000)
  object space 226816K, 89% used [0x00000000e0000000,0x00000000ec63eb60,0x00000000edd80000)
 Metaspace       used 14941K, capacity 15054K, committed 15360K, reserved 1062912K
  class space    used 1898K, capacity 1943K, committed 2048K, reserved 1048576K
Event: 113.316 GC heap after
Heap after GC invocations=794 (full 13):
 PSYoungGen      total 152064K, used 13824K [0x00000000f5580000, 0x0000000100000000, 0x0000000100000000)
  eden space 130560K, 0% used [0x00000000f5580000,0x00000000f5580000,0x00000000fd500000)
  from space 21504K, 64% used [0x00000000fd500000,0x00000000fe280000,0x00000000fea00000)
  to   space 21504K, 0% used [0x00000000feb00000,0x00000000feb00000,0x0000000100000000)
 ParOldGen       total 226816K, used 204834K [0x00000000e0000000, 0x00000000edd80000, 0x00000000f5580000)
  object space 226816K, 90% used [0x00000000e0000000,0x00000000ec808b60,0x00000000edd80000)
 Metaspace       used 14941K, capacity 15054K, committed 15360K, reserved 1062912K
  class space    used 1898K, capacity 1943K, committed 2048K, reserved 1048576K
}
Event: 115.624 GC heap before
{Heap before GC invocations=795 (full 13):
 PSYoungGen      total 152064K, used 144384K [0x00000000f5580000, 0x0000000100000000, 0x0000000100000000)
  eden space 130560K, 100% used [0x00000000f5580000,0x00000000fd500000,0x00000000fd500000)
  from space 21504K, 64% used [0x00000000fd500000,0x00000000fe280000,0x00000000fea00000)
  to   space 21504K, 0% used [0x00000000feb00000,0x00000000feb00000,0x0000000100000000)
 ParOldGen       total 226816K, used 204834K [0x00000000e0000000, 0x00000000edd80000, 0x00000000f5580000)
  object space 226816K, 90% used [0x00000000e0000000,0x00000000ec808b60,0x00000000edd80000)
 Metaspace       used 20078K, capacity 20304K, committed 20608K, reserved 1067008K
  class space    used 2522K, capacity 2640K, committed 2688K, reserved 1048576K
Event: 115.646 GC heap after
Heap after GC invocations=795 (full 13):
 PSYoungGen      total 152064K, used 7987K [0x00000000f5580000, 0x00000000fff00000, 0x0000000100000000)
  eden space 131584K, 0% used [0x00000000f5580000,0x00000000f5580000,0x00000000fd600000)
  from space 20480K, 39% used [0x00000000feb00000,0x00000000ff2ccf88,0x00000000fff00000)
  to   space 20992K, 0% used [0x00000000fd600000,0x00000000fd600000,0x00000000fea80000)
 ParOldGen       total 226816K, used 206474K [0x00000000e0000000, 0x00000000edd80000, 0x00000000f5580000)
  object space 226816K, 91% used [0x00000000e0000000,0x00000000ec9a2b60,0x00000000edd80000)
 Metaspace       used 20078K, capacity 20304K, committed 20608K, reserved 1067008K
  class space    used 2522K, capacity 2640K, committed 2688K, reserved 1048576K
}
Event: 150.406 GC heap before
{Heap before GC invocations=796 (full 13):
 PSYoungGen      total 152064K, used 102907K [0x00000000f5580000, 0x00000000fff00000, 0x0000000100000000)
  eden space 131584K, 72% used [0x00000000f5580000,0x00000000fb231ca0,0x00000000fd600000)
  from space 20480K, 39% used [0x00000000feb00000,0x00000000ff2ccf88,0x00000000fff00000)
  to   space 20992K, 0% used [0x00000000fd600000,0x00000000fd600000,0x00000000fea80000)
 ParOldGen       total 226816K, used 206474K [0x00000000e0000000, 0x00000000edd80000, 0x00000000f5580000)
  object space 226816K, 91% used [0x00000000e0000000,0x00000000ec9a2b60,0x00000000edd80000)
 Metaspace       used 25088K, capacity 25380K, committed 25600K, reserved 1071104K
  class space    used 3148K, capacity 3270K, committed 3328K, reserved 1048576K
Event: 150.465 GC heap after
Heap after GC invocations=796 (full 13):
 PSYoungGen      total 152576K, used 4277K [0x00000000f5580000, 0x0000000100000000, 0x0000000100000000)
  eden space 131584K, 0% used [0x00000000f5580000,0x00000000f5580000,0x00000000fd600000)
  from space 20992K, 20% used [0x00000000fd600000,0x00000000fda2d628,0x00000000fea80000)
  to   space 21504K, 0% used [0x00000000feb00000,0x00000000feb00000,0x0000000100000000)
 ParOldGen       total 226816K, used 212439K [0x00000000e0000000, 0x00000000edd80000, 0x00000000f5580000)
  object space 226816K, 93% used [0x00000000e0000000,0x00000000ecf75d48,0x00000000edd80000)
 Metaspace       used 25088K, capacity 25380K, committed 25600K, reserved 1071104K
  class space    used 3148K, capacity 3270K, committed 3328K, reserved 1048576K
}
Event: 150.465 GC heap before
{Heap before GC invocations=797 (full 14):
 PSYoungGen      total 152576K, used 4277K [0x00000000f5580000, 0x0000000100000000, 0x0000000100000000)
  eden space 131584K, 0% used [0x00000000f5580000,0x00000000f5580000,0x00000000fd600000)
  from space 20992K, 20% used [0x00000000fd600000,0x00000000fda2d628,0x00000000fea80000)
  to   space 21504K, 0% used [0x00000000feb00000,0x00000000feb00000,0x0000000100000000)
 ParOldGen       total 226816K, used 212439K [0x00000000e0000000, 0x00000000edd80000, 0x00000000f5580000)
  object space 226816K, 93% used [0x00000000e0000000,0x00000000ecf75d48,0x00000000edd80000)
 Metaspace       used 25088K, capacity 25380K, committed 25600K, reserved 1071104K
  class space    used 3148K, capacity 3270K, committed 3328K, reserved 1048576K

