# JRE version: Java(TM) SE Runtime Environment (8.0_181-b13) (build 1.8.0_181-b13)
# Java VM: Java HotSpot(TM) 64-Bit Server VM (25.181-b13 mixed mode windows-amd64 compressed oops)
Heap:
 PSYoungGen      total 152064K, used 71714K [0x00000000f5580000, 0x00000000fff80000, 0x0000000100000000)
  eden space 131072K, 54% used [0x00000000f5580000,0x00000000f9b88970,0x00000000fd580000)
  from space 20992K, 0% used [0x00000000fd580000,0x00000000fd580000,0x00000000fea00000)
  to   space 20992K, 0% used [0x00000000feb00000,0x00000000feb00000,0x00000000fff80000)
 ParOldGen       total 225792K, used 86905K [0x00000000e0000000, 0x00000000edc80000, 0x00000000f5580000)
  object space 225792K, 38% used [0x00000000e0000000,0x00000000e54de708,0x00000000edc80000)
 Metaspace       used 27418K, capacity 27668K, committed 28160K, reserved 1073152K
  class space    used 3394K, capacity 3498K, committed 3584K, reserved 1048576K
GC Heap History (10 events):
Event: 120.697 GC heap before
{Heap before GC invocations=795 (full 13):
 PSYoungGen      total 152576K, used 135520K [0x00000000f5580000, 0x0000000100000000, 0x0000000100000000)
  eden space 130560K, 100% used [0x00000000f5580000,0x00000000fd500000,0x00000000fd500000)
  from space 22016K, 22% used [0x00000000fd500000,0x00000000fd9d8000,0x00000000fea80000)
  to   space 22016K, 0% used [0x00000000fea80000,0x00000000fea80000,0x0000000100000000)
 ParOldGen       total 219648K, used 210274K [0x00000000e0000000, 0x00000000ed680000, 0x00000000f5580000)
  object space 219648K, 95% used [0x00000000e0000000,0x00000000ecd58ac8,0x00000000ed680000)
 Metaspace       used 14956K, capacity 15054K, committed 15360K, reserved 1062912K
  class space    used 1900K, capacity 1943K, committed 2048K, reserved 1048576K
Event: 120.716 GC heap after
Heap after GC invocations=795 (full 13):
 PSYoungGen      total 152576K, used 12864K [0x00000000f5580000, 0x0000000100000000, 0x0000000100000000)
  eden space 130560K, 0% used [0x00000000f5580000,0x00000000f5580000,0x00000000fd500000)
  from space 22016K, 58% used [0x00000000fea80000,0x00000000ff710000,0x0000000100000000)
  to   space 22016K, 0% used [0x00000000fd500000,0x00000000fd500000,0x00000000fea80000)
 ParOldGen       total 219648K, used 210498K [0x00000000e0000000, 0x00000000ed680000, 0x00000000f5580000)
  object space 219648K, 95% used [0x00000000e0000000,0x00000000ecd90ac8,0x00000000ed680000)
 Metaspace       used 14956K, capacity 15054K, committed 15360K, reserved 1062912K
  class space    used 1900K, capacity 1943K, committed 2048K, reserved 1048576K
}
Event: 120.808 GC heap before
{Heap before GC invocations=796 (full 13):
 PSYoungGen      total 152576K, used 143424K [0x00000000f5580000, 0x0000000100000000, 0x0000000100000000)
  eden space 130560K, 100% used [0x00000000f5580000,0x00000000fd500000,0x00000000fd500000)
  from space 22016K, 58% used [0x00000000fea80000,0x00000000ff710000,0x0000000100000000)
  to   space 22016K, 0% used [0x00000000fd500000,0x00000000fd500000,0x00000000fea80000)
 ParOldGen       total 219648K, used 210498K [0x00000000e0000000, 0x00000000ed680000, 0x00000000f5580000)
  object space 219648K, 95% used [0x00000000e0000000,0x00000000ecd90ac8,0x00000000ed680000)
 Metaspace       used 14956K, capacity 15054K, committed 15360K, reserved 1062912K
  class space    used 1900K, capacity 1943K, committed 2048K, reserved 1048576K
Event: 120.827 GC heap after
Heap after GC invocations=796 (full 13):
 PSYoungGen      total 143872K, used 13152K [0x00000000f5580000, 0x00000000fff00000, 0x0000000100000000)
  eden space 130560K, 0% used [0x00000000f5580000,0x00000000f5580000,0x00000000fd500000)
  from space 13312K, 98% used [0x00000000fd500000,0x00000000fe1d8000,0x00000000fe200000)
  to   space 21504K, 0% used [0x00000000fea00000,0x00000000fea00000,0x00000000fff00000)
 ParOldGen       total 219648K, used 212066K [0x00000000e0000000, 0x00000000ed680000, 0x00000000f5580000)
  object space 219648K, 96% used [0x00000000e0000000,0x00000000ecf18ac8,0x00000000ed680000)
 Metaspace       used 14956K, capacity 15054K, committed 15360K, reserved 1062912K
  class space    used 1900K, capacity 1943K, committed 2048K, reserved 1048576K
}
Event: 124.424 GC heap before
{Heap before GC invocations=797 (full 13):
 PSYoungGen      total 143872K, used 143712K [0x00000000f5580000, 0x00000000fff00000, 0x0000000100000000)
  eden space 130560K, 100% used [0x00000000f5580000,0x00000000fd500000,0x00000000fd500000)
  from space 13312K, 98% used [0x00000000fd500000,0x00000000fe1d8000,0x00000000fe200000)
  to   space 21504K, 0% used [0x00000000fea00000,0x00000000fea00000,0x00000000fff00000)
 ParOldGen       total 219648K, used 212066K [0x00000000e0000000, 0x00000000ed680000, 0x00000000f5580000)
  object space 219648K, 96% used [0x00000000e0000000,0x00000000ecf18ac8,0x00000000ed680000)
 Metaspace       used 19804K, capacity 20030K, committed 20352K, reserved 1067008K
  class space    used 2489K, capacity 2573K, committed 2688K, reserved 1048576K
Event: 124.440 GC heap after
Heap after GC invocations=797 (full 13):
 PSYoungGen      total 152576K, used 7579K [0x00000000f5580000, 0x0000000100000000, 0x0000000100000000)
  eden space 131072K, 0% used [0x00000000f5580000,0x00000000f5580000,0x00000000fd580000)
  from space 21504K, 35% used [0x00000000fea00000,0x00000000ff166f90,0x00000000fff00000)
  to   space 20992K, 0% used [0x00000000fd580000,0x00000000fd580000,0x00000000fea00000)
 ParOldGen       total 219648K, used 213578K [0x00000000e0000000, 0x00000000ed680000, 0x00000000f5580000)
  object space 219648K, 97% used [0x00000000e0000000,0x00000000ed092ac8,0x00000000ed680000)
 Metaspace       used 19804K, capacity 20030K, committed 20352K, reserved 1067008K
  class space    used 2489K, capacity 2573K, committed 2688K, reserved 1048576K
}
Event: 174.941 GC heap before
{Heap before GC invocations=798 (full 13):
 PSYoungGen      total 152576K, used 108904K [0x00000000f5580000, 0x0000000100000000, 0x0000000100000000)
  eden space 131072K, 77% used [0x00000000f5580000,0x00000000fb873070,0x00000000fd580000)
  from space 21504K, 35% used [0x00000000fea00000,0x00000000ff166f90,0x00000000fff00000)
  to   space 20992K, 0% used [0x00000000fd580000,0x00000000fd580000,0x00000000fea00000)
 ParOldGen       total 219648K, used 213578K [0x00000000e0000000, 0x00000000ed680000, 0x00000000f5580000)
  object space 219648K, 97% used [0x00000000e0000000,0x00000000ed092ac8,0x00000000ed680000)
 Metaspace       used 25128K, capacity 25380K, committed 25600K, reserved 1071104K
  class space    used 3152K, capacity 3270K, committed 3328K, reserved 1048576K
Event: 174.957 GC heap after
Heap after GC invocations=798 (full 13):
 PSYoungGen      total 152064K, used 4868K [0x00000000f5580000, 0x00000000fff80000, 0x0000000100000000)
  eden space 131072K, 0% used [0x00000000f5580000,0x00000000f5580000,0x00000000fd580000)
  from space 20992K, 23% used [0x00000000fd580000,0x00000000fda412c8,0x00000000fea00000)
  to   space 20992K, 0% used [0x00000000feb00000,0x00000000feb00000,0x00000000fff80000)
 ParOldGen       total 219648K, used 219127K [0x00000000e0000000, 0x00000000ed680000, 0x00000000f5580000)
  object space 219648K, 99% used [0x00000000e0000000,0x00000000ed5fdea0,0x00000000ed680000)
 Metaspace       used 25128K, capacity 25380K, committed 25600K, reserved 1071104K
  class space    used 3152K, capacity 3270K, committed 3328K, reserved 1048576K
}
Event: 174.957 GC heap before
{Heap before GC invocations=799 (full 14):
 PSYoungGen      total 152064K, used 4868K [0x00000000f5580000, 0x00000000fff80000, 0x0000000100000000)
  eden space 131072K, 0% used [0x00000000f5580000,0x00000000f5580000,0x00000000fd580000)
  from space 20992K, 23% used [0x00000000fd580000,0x00000000fda412c8,0x00000000fea00000)
  to   space 20992K, 0% used [0x00000000feb00000,0x00000000feb00000,0x00000000fff80000)
 ParOldGen       total 219648K, used 219127K [0x00000000e0000000, 0x00000000ed680000, 0x00000000f5580000)
  object space 219648K, 99% used [0x00000000e0000000,0x00000000ed5fdea0,0x00000000ed680000)
 Metaspace       used 25128K, capacity 25380K, committed 25600K, reserved 1071104K
  class space    used 3152K, capacity 3270K, committed 3328K, reserved 1048576K
Event: 175.506 GC heap after
Heap after GC invocations=799 (full 14):
 PSYoungGen      total 152064K, used 0K [0x00000000f5580000, 0x00000000fff80000, 0x0000000100000000)
  eden space 131072K, 0% used [0x00000000f5580000,0x00000000f5580000,0x00000000fd580000)
  from space 20992K, 0% used [0x00000000fd580000,0x00000000fd580000,0x00000000fea00000)
  to   space 20992K, 0% used [0x00000000feb00000,0x00000000feb00000,0x00000000fff80000)
 ParOldGen       total 225792K, used 86905K [0x00000000e0000000, 0x00000000edc80000, 0x00000000f5580000)
  object space 225792K, 38% used [0x00000000e0000000,0x00000000e54de708,0x00000000edc80000)
 Metaspace       used 25128K, capacity 25380K, committed 25600K, reserved 1071104K
  class space    used 3152K, capacity 3270K, committed 3328K, reserved 1048576K
}

